[      99ms] [LOG] [Sunday Advisor] Widget loaded — api: http://localhost:3001, locale: en @ http://localhost:8080/dist/widget.iife.js:41
[     104ms] [ERROR] TypeError: v.jsxDEV is not a function
    at Vd (http://localhost:8080/dist/widget.iife.js:41:236906)
    at Jl (http://localhost:8080/dist/widget.iife.js:30:16959)
    at Gs (http://localhost:8080/dist/widget.iife.js:32:43730)
    at Rs (http://localhost:8080/dist/widget.iife.js:32:39531)
    at ad (http://localhost:8080/dist/widget.iife.js:32:39462)
    at or (http://localhost:8080/dist/widget.iife.js:32:39320)
    at Bu (http://localhost:8080/dist/widget.iife.js:32:35737)
    at bs (http://localhost:8080/dist/widget.iife.js:32:34693)
    at D (http://localhost:8080/dist/widget.iife.js:17:1562)
    at MessagePort.Oe (http://localhost:8080/dist/widget.iife.js:17:1930) @ http://localhost:8080/dist/widget.iife.js:31
[     104ms] TypeError: v.jsxDEV is not a function
    at Vd (http://localhost:8080/dist/widget.iife.js:41:236906)
    at Jl (http://localhost:8080/dist/widget.iife.js:30:16959)
    at Gs (http://localhost:8080/dist/widget.iife.js:32:43730)
    at Rs (http://localhost:8080/dist/widget.iife.js:32:39531)
    at ad (http://localhost:8080/dist/widget.iife.js:32:39462)
    at or (http://localhost:8080/dist/widget.iife.js:32:39320)
    at Bu (http://localhost:8080/dist/widget.iife.js:32:35737)
    at bs (http://localhost:8080/dist/widget.iife.js:32:34693)
    at D (http://localhost:8080/dist/widget.iife.js:17:1562)
    at MessagePort.Oe (http://localhost:8080/dist/widget.iife.js:17:1930)
[   12381ms] [LOG] [Sunday Advisor] Widget loaded — api: http://localhost:3001, locale: en @ http://localhost:8080/dist/widget.iife.js:41
[   12383ms] [ERROR] TypeError: v.jsxDEV is not a function
    at Vd (http://localhost:8080/dist/widget.iife.js:41:236906)
    at Jl (http://localhost:8080/dist/widget.iife.js:30:16959)
    at Gs (http://localhost:8080/dist/widget.iife.js:32:43730)
    at Rs (http://localhost:8080/dist/widget.iife.js:32:39531)
    at ad (http://localhost:8080/dist/widget.iife.js:32:39462)
    at or (http://localhost:8080/dist/widget.iife.js:32:39320)
    at Bu (http://localhost:8080/dist/widget.iife.js:32:35737)
    at bs (http://localhost:8080/dist/widget.iife.js:32:34693)
    at D (http://localhost:8080/dist/widget.iife.js:17:1562)
    at MessagePort.Oe (http://localhost:8080/dist/widget.iife.js:17:1930) @ http://localhost:8080/dist/widget.iife.js:31
[   12383ms] TypeError: v.jsxDEV is not a function
    at Vd (http://localhost:8080/dist/widget.iife.js:41:236906)
    at Jl (http://localhost:8080/dist/widget.iife.js:30:16959)
    at Gs (http://localhost:8080/dist/widget.iife.js:32:43730)
    at Rs (http://localhost:8080/dist/widget.iife.js:32:39531)
    at ad (http://localhost:8080/dist/widget.iife.js:32:39462)
    at or (http://localhost:8080/dist/widget.iife.js:32:39320)
    at Bu (http://localhost:8080/dist/widget.iife.js:32:35737)
    at bs (http://localhost:8080/dist/widget.iife.js:32:34693)
    at D (http://localhost:8080/dist/widget.iife.js:17:1562)
    at MessagePort.Oe (http://localhost:8080/dist/widget.iife.js:17:1930)
[   15366ms] [LOG] [Sunday Advisor] Widget loaded — api: http://localhost:3001, locale: en @ http://localhost:8080/dist/widget.iife.js:41
[   15368ms] [ERROR] TypeError: v.jsxDEV is not a function
    at Vd (http://localhost:8080/dist/widget.iife.js:41:236906)
    at Jl (http://localhost:8080/dist/widget.iife.js:30:16959)
    at Gs (http://localhost:8080/dist/widget.iife.js:32:43730)
    at Rs (http://localhost:8080/dist/widget.iife.js:32:39531)
    at ad (http://localhost:8080/dist/widget.iife.js:32:39462)
    at or (http://localhost:8080/dist/widget.iife.js:32:39320)
    at Bu (http://localhost:8080/dist/widget.iife.js:32:35737)
    at bs (http://localhost:8080/dist/widget.iife.js:32:34693)
    at D (http://localhost:8080/dist/widget.iife.js:17:1562)
    at MessagePort.Oe (http://localhost:8080/dist/widget.iife.js:17:1930) @ http://localhost:8080/dist/widget.iife.js:31
[   15368ms] TypeError: v.jsxDEV is not a function
    at Vd (http://localhost:8080/dist/widget.iife.js:41:236906)
    at Jl (http://localhost:8080/dist/widget.iife.js:30:16959)
    at Gs (http://localhost:8080/dist/widget.iife.js:32:43730)
    at Rs (http://localhost:8080/dist/widget.iife.js:32:39531)
    at ad (http://localhost:8080/dist/widget.iife.js:32:39462)
    at or (http://localhost:8080/dist/widget.iife.js:32:39320)
    at Bu (http://localhost:8080/dist/widget.iife.js:32:35737)
    at bs (http://localhost:8080/dist/widget.iife.js:32:34693)
    at D (http://localhost:8080/dist/widget.iife.js:17:1562)
    at MessagePort.Oe (http://localhost:8080/dist/widget.iife.js:17:1930)
